<?xml version="1.0" encoding="UTF-8"?>
<!-- Generated by org.testng.reporters.JUnitReportReporter -->
<testsuite hostname="LAPTOP-29AJTT9G" failures="0" tests="1" name="VTigerProduct.CreatingTheProductANdDeletingTheProductTest" time="30.556" errors="0" timestamp="2025-04-08T19:33:51 IST" skipped="0">
  <testcase classname="VTigerProduct.CreatingTheProductANdDeletingTheProductTest" name="creatingTheProductANdDeletingTheProductTest" time="30.556"/>
  <system-out/>
</testsuite> <!-- VTigerProduct.CreatingTheProductANdDeletingTheProductTest -->
