<?xml version="1.0" encoding="UTF-8"?>
<!-- Generated by org.testng.reporters.JUnitReportReporter -->
<testsuite hostname="LAPTOP-29AJTT9G" failures="0" tests="1" name="testng.Demo" time="0.035" errors="0" timestamp="2025-04-03T21:00:52 IST" skipped="0">
  <testcase classname="testng.Demo" name="createContact" time="0.035"/>
  <system-out/>
</testsuite> <!-- testng.Demo -->
