<?xml version="1.0" encoding="UTF-8"?>
<!-- Generated by org.testng.reporters.JUnitReportReporter -->
<testsuite hostname="LAPTOP-29AJTT9G" failures="0" tests="1" name="VTigerProduct.CreateProductTest" time="84.671" errors="0" timestamp="2025-04-08T19:28:43 IST" skipped="0">
  <testcase classname="VTigerProduct.CreateProductTest" name="createProductTest" time="84.671"/>
  <system-out/>
</testsuite> <!-- VTigerProduct.CreateProductTest -->
