<?xml version="1.0" encoding="UTF-8"?>
<!-- Generated by org.testng.reporters.JUnitReportReporter -->
<testsuite hostname="LAPTOP-29AJTT9G" failures="0" tests="1" name="VTigerCampaign.CreateCampaignTest" time="83.724" errors="0" timestamp="2025-04-05T19:15:42 IST" skipped="0">
  <testcase classname="VTigerCampaign.CreateCampaignTest" name="createCampaignTest" time="83.724"/>
  <system-out/>
</testsuite> <!-- VTigerCampaign.CreateCampaignTest -->
