<?xml version="1.0" encoding="UTF-8"?>
<!-- Generated by org.testng.reporters.JUnitReportReporter -->
<testsuite hostname="LAPTOP-29AJTT9G" failures="0" tests="1" name="VTigerCampaign.AddingProductToCampaignTest" time="28.871" errors="0" timestamp="2025-04-03T20:06:23 IST" skipped="0">
  <testcase classname="VTigerCampaign.AddingProductToCampaignTest" name="addingProductToCampaignTest" time="28.871"/>
  <system-out/>
</testsuite> <!-- VTigerCampaign.AddingProductToCampaignTest -->
