<?xml version="1.0" encoding="UTF-8"?>
<!-- Generated by org.testng.reporters.JUnitReportReporter -->
<testsuite hostname="LAPTOP-29AJTT9G" failures="0" tests="1" name="VTigerContact.CreateContactWithOrganizationTest" time="45.440" errors="0" timestamp="2025-04-04T19:32:46 IST" skipped="0">
  <testcase classname="VTigerContact.CreateContactWithOrganizationTest" name="createContactWithOrganizationTest" time="45.440"/>
  <system-out/>
</testsuite> <!-- VTigerContact.CreateContactWithOrganizationTest -->
