<?xml version="1.0" encoding="UTF-8"?>
<!-- Generated by org.testng.reporters.JUnitReportReporter -->
<testsuite hostname="LAPTOP-29AJTT9G" failures="0" tests="1" name="testng.Assertion" time="0.021" errors="0" timestamp="2025-04-07T20:48:12 IST" skipped="0">
  <testcase classname="testng.Assertion" name="m8" time="0.021"/>
  <system-out/>
</testsuite> <!-- testng.Assertion -->
